<configuration>
  <property>
    <name>user.name</name>
    <value>dsp_ext_mmd-sup</value>
  </property>
  <property>
    <name>oozie.coord.application.path</name>
    <value>hdfs:${appRoot}/oozie/TEST-Coordinator.xml</value>
  </property>
  <property>
    <name>nameNode</name>
    <value>%SITE_FS%</value>
  </property>
  <property>
    <name>queueName</name>
    <value>%SITE_QUEUE%</value>
  </property>
  <property>
    <name>appRoot</name>
    <value>%INSTALL_HDFS%</value>
  </property>
  <property>
    <name>commonRoot</name>
    <value>%INSTALL_COMMON%</value>
  </property>
  <property>
    <name>userName</name>
    <value>%INSTALL_USER%</value>
  </property>
  <property>
    <name>userPrincipal</name>
    <value>${userName}@%SITE_REALM%</value>
  </property>
  <property>
    <name>hivePrincipal</name>
    <value>hive/_HOST@%SITE_REALM%</value>
  </property>
  <property>
    <name>mailSubjectEnv</name>
    <value>Chaine %INSTALL_PREFIX%/%INSTALL_NAME% %SITE_DESC%</value>
  </property>
  <property>
    <name>mailDefault</name>
    <value>%INSTALL_CONTACT%</value>
  </property>
  <property>
    <name>hive2url</name>
    <value>%SITE_HIVE2URL%</value>
  </property>
  <property>
    <name>jobTracker</name>
    <value>autodetect.HA</value>
  </property>
  <property>
    <name>userKeytab</name>
    <value>${userName}.keytab</value>
  </property>
  <property>
    <name>oozie.use.system.libpath</name>
    <value>true</value>
  </property>
  <property>
    <name>mailErrorTo</name>
    <value>%INSTALL_CONTACT%</value>
  </property>
  <property>
    <name>hdfsloggerVersion</name>
    <value>2.6.0</value>
  </property>
  <property>
    <name>archiverVersion</name>
    <value>0.2.10</value>
  </property>
  <property>
    <name>oozie.wf.validate.ForkJoin</name>
    <value>false</value>
  </property>
  <property>
    <name>regex_anneemois</name>
    <value>^EDF_DCO_DMP_LVRP_(2[0-9][0-9][0-9])[\d]{4}_[0-9]{6}_[0-9]{5}.tar.gz$</value>
  </property>
  <property>
    <name>input_directory</name>
    <value>/user/dacc/staging/publication/verone/LIVERAMP/</value>
  </property>
  <property>
    <name>archive_directory</name>
    <value>/user/dacc/archive/publication/verone/LIVERAMP/</value>
  </property>
</configuration>